<?xml version="1.0" encoding="UTF-8"?>
<testng-results ignored="0" total="1" passed="1" failed="0" skipped="0">
  <reporter-output>
  </reporter-output>
  <suite started-at="2024-03-22T10:15:36 IST" name="Default suite" finished-at="2024-03-22T10:17:51 IST" duration-ms="134870">
    <groups>
    </groups>
    <test started-at="2024-03-22T10:15:36 IST" name="Default test" finished-at="2024-03-22T10:17:51 IST" duration-ms="134870">
      <class name="contactsTests.CreateNewContactWithLeadSourceTest">
        <test-method is-config="true" signature="bsConfig()[pri:0, instance:contactsTests.CreateNewContactWithLeadSourceTest@742ff096]" started-at="2024-03-22T10:15:36 IST" name="bsConfig" finished-at="2024-03-22T10:15:36 IST" duration-ms="21" status="PASS">
          <reporter-output>
          </reporter-output>
        </test-method> <!-- bsConfig -->
        <test-method is-config="true" signature="bcConfig()[pri:0, instance:contactsTests.CreateNewContactWithLeadSourceTest@742ff096]" started-at="2024-03-22T10:15:36 IST" name="bcConfig" finished-at="2024-03-22T10:16:23 IST" duration-ms="46149" status="PASS">
          <reporter-output>
          </reporter-output>
        </test-method> <!-- bcConfig -->
        <test-method is-config="true" signature="bmConfig()[pri:0, instance:contactsTests.CreateNewContactWithLeadSourceTest@742ff096]" started-at="2024-03-22T10:16:23 IST" name="bmConfig" finished-at="2024-03-22T10:16:48 IST" duration-ms="24709" status="PASS">
          <reporter-output>
          </reporter-output>
        </test-method> <!-- bmConfig -->
        <test-method signature="createContactWithMandatoryField()[pri:0, instance:contactsTests.CreateNewContactWithLeadSourceTest@742ff096]" started-at="2024-03-22T10:16:48 IST" name="createContactWithMandatoryField" finished-at="2024-03-22T10:17:41 IST" duration-ms="53141" status="PASS">
          <reporter-output>
          </reporter-output>
        </test-method> <!-- createContactWithMandatoryField -->
        <test-method is-config="true" signature="amConfig()[pri:0, instance:contactsTests.CreateNewContactWithLeadSourceTest@742ff096]" started-at="2024-03-22T10:17:41 IST" name="amConfig" finished-at="2024-03-22T10:17:46 IST" duration-ms="5139" status="PASS">
          <reporter-output>
          </reporter-output>
        </test-method> <!-- amConfig -->
        <test-method is-config="true" signature="acConfig()[pri:0, instance:contactsTests.CreateNewContactWithLeadSourceTest@742ff096]" started-at="2024-03-22T10:17:46 IST" name="acConfig" finished-at="2024-03-22T10:17:51 IST" duration-ms="5165" status="PASS">
          <reporter-output>
          </reporter-output>
        </test-method> <!-- acConfig -->
        <test-method is-config="true" signature="asConfig()[pri:0, instance:contactsTests.CreateNewContactWithLeadSourceTest@742ff096]" started-at="2024-03-22T10:17:52 IST" name="asConfig" finished-at="2024-03-22T10:17:52 IST" duration-ms="1" status="PASS">
          <reporter-output>
          </reporter-output>
        </test-method> <!-- asConfig -->
      </class> <!-- contactsTests.CreateNewContactWithLeadSourceTest -->
    </test> <!-- Default test -->
  </suite> <!-- Default suite -->
</testng-results>
